<?xml version="1.0" encoding="UTF-8"?>
<!-- Generated by org.testng.reporters.JUnitReportReporter -->
<testsuite hostname="DESKTOP-DR8JI06" failures="0" tests="1" name="com.qa.api.testcases.TestGet" time="42.552" errors="0" timestamp="31 Oct 2022 13:00:02 GMT" skipped="0">
  <testcase classname="com.qa.api.testcases.TestGet" name="Booksdata" time="42.552"/>
</testsuite> <!-- com.qa.api.testcases.TestGet -->
