<?xml version="1.0" encoding="UTF-8"?>
<!-- Generated by org.testng.reporters.JUnitReportReporter -->
<testsuite hostname="DESKTOP-DR8JI06" failures="0" tests="1" name="com.qa.api.testcases.TestGet" time="4.414" errors="0" timestamp="29 Oct 2022 17:12:02 GMT" skipped="0">
  <testcase classname="com.qa.api.testcases.TestGet" name="Booksdata" time="4.414"/>
</testsuite> <!-- com.qa.api.testcases.TestGet -->
