<?xml version="1.0" encoding="UTF-8"?>
<!-- Generated by org.testng.reporters.JUnitReportReporter -->
<testsuite skipped="0" hostname="DESKTOP-DR8JI06" name="com.qa.api.testcases.TestGet" tests="1" failures="0" timestamp="29 Oct 2022 17:45:36 GMT" time="6.201" errors="0">
  <testcase name="Booksdata" time="6.201" classname="com.qa.api.testcases.TestGet"/>
</testsuite> <!-- com.qa.api.testcases.TestGet -->
